{"/home/dci-student/Dokumente/betterTemplate/src/App.tsx": {"path":"/home/dci-student/Dokumente/betterTemplate/src/App.tsx","all":true,"statementMap":{"0":{"start":{"line":1,"column":0},"end":{"line":1,"column":34}},"1":{"start":{"line":2,"column":0},"end":{"line":2,"column":45}},"3":{"start":{"line":4,"column":0},"end":{"line":4,"column":41}},"4":{"start":{"line":5,"column":0},"end":{"line":5,"column":32}},"6":{"start":{"line":7,"column":0},"end":{"line":7,"column":16}},"7":{"start":{"line":8,"column":0},"end":{"line":8,"column":19}},"8":{"start":{"line":9,"column":0},"end":{"line":9,"column":48}},"9":{"start":{"line":10,"column":0},"end":{"line":10,"column":27}},"10":{"start":{"line":11,"column":0},"end":{"line":11,"column":53}},"11":{"start":{"line":12,"column":0},"end":{"line":12,"column":35}},"12":{"start":{"line":13,"column":0},"end":{"line":13,"column":56}},"13":{"start":{"line":14,"column":0},"end":{"line":14,"column":12}},"14":{"start":{"line":15,"column":0},"end":{"line":15,"column":44}},"15":{"start":{"line":16,"column":0},"end":{"line":16,"column":38}},"16":{"start":{"line":17,"column":0},"end":{"line":17,"column":16}},"17":{"start":{"line":18,"column":0},"end":{"line":18,"column":24}},"18":{"start":{"line":19,"column":0},"end":{"line":19,"column":55}},"19":{"start":{"line":20,"column":0},"end":{"line":20,"column":14}},"20":{"start":{"line":21,"column":0},"end":{"line":21,"column":58}},"21":{"start":{"line":22,"column":0},"end":{"line":22,"column":7}},"22":{"start":{"line":23,"column":0},"end":{"line":23,"column":5}},"23":{"start":{"line":24,"column":0},"end":{"line":24,"column":9}},"24":{"start":{"line":25,"column":0},"end":{"line":25,"column":10}},"25":{"start":{"line":26,"column":0},"end":{"line":26,"column":6}},"26":{"start":{"line":27,"column":0},"end":{"line":27,"column":14}},"27":{"start":{"line":28,"column":0},"end":{"line":28,"column":36}},"28":{"start":{"line":29,"column":0},"end":{"line":29,"column":47}},"29":{"start":{"line":30,"column":0},"end":{"line":30,"column":16}},"30":{"start":{"line":31,"column":0},"end":{"line":31,"column":15}},"31":{"start":{"line":32,"column":0},"end":{"line":32,"column":7}},"33":{"start":{"line":34,"column":0},"end":{"line":34,"column":1}},"35":{"start":{"line":36,"column":0},"end":{"line":36,"column":19}}},"s":{"0":0,"1":0,"3":0,"4":0,"6":0,"7":0,"8":0,"9":0,"10":0,"11":0,"12":0,"13":0,"14":0,"15":0,"16":0,"17":0,"18":0,"19":0,"20":0,"21":0,"22":0,"23":0,"24":0,"25":0,"26":0,"27":0,"28":0,"29":0,"30":0,"31":0,"33":0,"35":0},"branchMap":{"0":{"type":"branch","line":1,"loc":{"start":{"line":1,"column":898},"end":{"line":36,"column":19}},"locations":[{"start":{"line":1,"column":898},"end":{"line":36,"column":19}}]}},"b":{"0":[0]},"fnMap":{"0":{"name":"(empty-report)","decl":{"start":{"line":1,"column":898},"end":{"line":36,"column":19}},"loc":{"start":{"line":1,"column":898},"end":{"line":36,"column":19}},"line":1}},"f":{"0":0}}
,"/home/dci-student/Dokumente/betterTemplate/src/main.tsx": {"path":"/home/dci-student/Dokumente/betterTemplate/src/main.tsx","all":true,"statementMap":{"0":{"start":{"line":1,"column":0},"end":{"line":1,"column":46}},"1":{"start":{"line":2,"column":0},"end":{"line":2,"column":45}},"3":{"start":{"line":4,"column":0},"end":{"line":4,"column":28}},"4":{"start":{"line":5,"column":0},"end":{"line":5,"column":21}},"6":{"start":{"line":7,"column":0},"end":{"line":7,"column":52}},"7":{"start":{"line":8,"column":0},"end":{"line":8,"column":17}},"8":{"start":{"line":9,"column":0},"end":{"line":9,"column":11}},"9":{"start":{"line":10,"column":0},"end":{"line":10,"column":18}},"10":{"start":{"line":11,"column":0},"end":{"line":11,"column":2}}},"s":{"0":0,"1":0,"3":0,"4":0,"6":0,"7":0,"8":0,"9":0,"10":0},"branchMap":{"0":{"type":"branch","line":1,"loc":{"start":{"line":1,"column":221},"end":{"line":11,"column":-156}},"locations":[{"start":{"line":1,"column":221},"end":{"line":11,"column":-156}}]}},"b":{"0":[0]},"fnMap":{"0":{"name":"(empty-report)","decl":{"start":{"line":1,"column":221},"end":{"line":11,"column":-156}},"loc":{"start":{"line":1,"column":221},"end":{"line":11,"column":-156}},"line":1}},"f":{"0":0}}
,"/home/dci-student/Dokumente/betterTemplate/src/components/Layout.tsx": {"path":"/home/dci-student/Dokumente/betterTemplate/src/components/Layout.tsx","all":true,"statementMap":{"0":{"start":{"line":1,"column":0},"end":{"line":1,"column":38}},"2":{"start":{"line":3,"column":0},"end":{"line":3,"column":40}},"3":{"start":{"line":4,"column":0},"end":{"line":4,"column":22}},"4":{"start":{"line":5,"column":0},"end":{"line":5,"column":10}},"5":{"start":{"line":6,"column":0},"end":{"line":6,"column":44}},"6":{"start":{"line":7,"column":0},"end":{"line":7,"column":21}},"7":{"start":{"line":8,"column":0},"end":{"line":8,"column":16}},"8":{"start":{"line":9,"column":0},"end":{"line":9,"column":10}},"10":{"start":{"line":11,"column":0},"end":{"line":11,"column":2}},"12":{"start":{"line":13,"column":0},"end":{"line":13,"column":22}}},"s":{"0":0,"2":0,"3":0,"4":0,"5":0,"6":0,"7":0,"8":0,"10":0,"12":0},"branchMap":{"0":{"type":"branch","line":1,"loc":{"start":{"line":1,"column":241},"end":{"line":13,"column":22}},"locations":[{"start":{"line":1,"column":241},"end":{"line":13,"column":22}}]}},"b":{"0":[0]},"fnMap":{"0":{"name":"(empty-report)","decl":{"start":{"line":1,"column":241},"end":{"line":13,"column":22}},"loc":{"start":{"line":1,"column":241},"end":{"line":13,"column":22}},"line":1}},"f":{"0":0}}
,"/home/dci-student/Dokumente/betterTemplate/src/components/ThemeToggle.tsx": {"path":"/home/dci-student/Dokumente/betterTemplate/src/components/ThemeToggle.tsx","all":false,"statementMap":{"0":{"start":{"line":1,"column":0},"end":{"line":1,"column":41}},"2":{"start":{"line":3,"column":0},"end":{"line":3,"column":27}},"3":{"start":{"line":4,"column":0},"end":{"line":4,"column":29}},"4":{"start":{"line":5,"column":0},"end":{"line":5,"column":69}},"5":{"start":{"line":6,"column":0},"end":{"line":6,"column":61}},"6":{"start":{"line":7,"column":0},"end":{"line":7,"column":4}},"8":{"start":{"line":9,"column":0},"end":{"line":9,"column":50}},"9":{"start":{"line":10,"column":0},"end":{"line":10,"column":33}},"10":{"start":{"line":11,"column":0},"end":{"line":11,"column":59}},"11":{"start":{"line":12,"column":0},"end":{"line":12,"column":13}},"12":{"start":{"line":13,"column":0},"end":{"line":13,"column":4}},"14":{"start":{"line":15,"column":0},"end":{"line":15,"column":19}},"15":{"start":{"line":16,"column":0},"end":{"line":16,"column":49}},"16":{"start":{"line":17,"column":0},"end":{"line":17,"column":69}},"17":{"start":{"line":18,"column":0},"end":{"line":18,"column":7}},"18":{"start":{"line":19,"column":0},"end":{"line":19,"column":48}},"19":{"start":{"line":20,"column":0},"end":{"line":20,"column":23}},"20":{"start":{"line":21,"column":0},"end":{"line":21,"column":33}},"21":{"start":{"line":22,"column":0},"end":{"line":22,"column":7}},"22":{"start":{"line":23,"column":0},"end":{"line":23,"column":39}},"23":{"start":{"line":24,"column":0},"end":{"line":24,"column":9}},"25":{"start":{"line":26,"column":0},"end":{"line":26,"column":10}},"26":{"start":{"line":27,"column":0},"end":{"line":27,"column":61}},"27":{"start":{"line":28,"column":0},"end":{"line":28,"column":13}},"28":{"start":{"line":29,"column":0},"end":{"line":29,"column":89}},"29":{"start":{"line":30,"column":0},"end":{"line":30,"column":24}},"30":{"start":{"line":31,"column":0},"end":{"line":31,"column":24}},"31":{"start":{"line":32,"column":0},"end":{"line":32,"column":29}},"32":{"start":{"line":33,"column":0},"end":{"line":33,"column":10}},"33":{"start":{"line":34,"column":0},"end":{"line":34,"column":33}},"35":{"start":{"line":36,"column":0},"end":{"line":36,"column":30}},"36":{"start":{"line":37,"column":0},"end":{"line":37,"column":15}},"37":{"start":{"line":38,"column":0},"end":{"line":38,"column":10}},"39":{"start":{"line":40,"column":0},"end":{"line":40,"column":2}},"41":{"start":{"line":42,"column":0},"end":{"line":42,"column":27}}},"s":{"0":1,"2":1,"3":5,"4":1,"5":1,"6":1,"8":5,"9":4,"10":4,"11":0,"12":5,"14":5,"15":4,"16":1,"17":4,"18":4,"19":4,"20":4,"21":4,"22":4,"23":5,"25":5,"26":5,"27":5,"28":5,"29":5,"30":1,"31":1,"32":1,"33":5,"35":5,"36":5,"37":5,"39":5,"41":1},"branchMap":{"0":{"type":"branch","line":3,"loc":{"start":{"line":3,"column":20},"end":{"line":40,"column":2}},"locations":[{"start":{"line":3,"column":20},"end":{"line":40,"column":2}}]},"1":{"type":"branch","line":36,"loc":{"start":{"line":36,"column":9},"end":{"line":36,"column":25}},"locations":[{"start":{"line":36,"column":9},"end":{"line":36,"column":25}}]},"2":{"type":"branch","line":36,"loc":{"start":{"line":36,"column":18},"end":{"line":36,"column":30}},"locations":[{"start":{"line":36,"column":18},"end":{"line":36,"column":30}}]},"3":{"type":"branch","line":4,"loc":{"start":{"line":4,"column":22},"end":{"line":7,"column":4}},"locations":[{"start":{"line":4,"column":22},"end":{"line":7,"column":4}}]},"4":{"type":"branch","line":6,"loc":{"start":{"line":6,"column":43},"end":{"line":6,"column":59}},"locations":[{"start":{"line":6,"column":43},"end":{"line":6,"column":59}}]},"5":{"type":"branch","line":9,"loc":{"start":{"line":9,"column":45},"end":{"line":12,"column":13}},"locations":[{"start":{"line":9,"column":45},"end":{"line":12,"column":13}}]},"6":{"type":"branch","line":11,"loc":{"start":{"line":11,"column":58},"end":{"line":12,"column":13}},"locations":[{"start":{"line":11,"column":58},"end":{"line":12,"column":13}}]},"7":{"type":"branch","line":15,"loc":{"start":{"line":15,"column":12},"end":{"line":24,"column":5}},"locations":[{"start":{"line":15,"column":12},"end":{"line":24,"column":5}}]},"8":{"type":"branch","line":16,"loc":{"start":{"line":16,"column":42},"end":{"line":18,"column":5}},"locations":[{"start":{"line":16,"column":42},"end":{"line":18,"column":5}}]},"9":{"type":"branch","line":23,"loc":{"start":{"line":23,"column":11},"end":{"line":23,"column":39}},"locations":[{"start":{"line":23,"column":11},"end":{"line":23,"column":39}}]},"10":{"type":"branch","line":30,"loc":{"start":{"line":30,"column":17},"end":{"line":33,"column":10}},"locations":[{"start":{"line":30,"column":17},"end":{"line":33,"column":10}}]}},"b":{"0":[5],"1":[2],"2":[3],"3":[1],"4":[0],"5":[4],"6":[0],"7":[4],"8":[1],"9":[4],"10":[1]},"fnMap":{"0":{"name":"ThemeToggle","decl":{"start":{"line":3,"column":20},"end":{"line":40,"column":2}},"loc":{"start":{"line":3,"column":20},"end":{"line":40,"column":2}},"line":3},"1":{"name":"toggleTheme","decl":{"start":{"line":4,"column":22},"end":{"line":7,"column":4}},"loc":{"start":{"line":4,"column":22},"end":{"line":7,"column":4}},"line":4},"2":{"name":"onClick","decl":{"start":{"line":30,"column":17},"end":{"line":33,"column":10}},"loc":{"start":{"line":30,"column":17},"end":{"line":33,"column":10}},"line":30}},"f":{"0":5,"1":1,"2":1}}
,"/home/dci-student/Dokumente/betterTemplate/src/pages/Home.tsx": {"path":"/home/dci-student/Dokumente/betterTemplate/src/pages/Home.tsx","all":false,"statementMap":{"0":{"start":{"line":1,"column":0},"end":{"line":1,"column":26}},"2":{"start":{"line":3,"column":0},"end":{"line":3,"column":20}},"3":{"start":{"line":4,"column":0},"end":{"line":4,"column":77}},"4":{"start":{"line":5,"column":0},"end":{"line":5,"column":2}},"6":{"start":{"line":7,"column":0},"end":{"line":7,"column":20}}},"s":{"0":1,"2":1,"3":2,"4":2,"6":1},"branchMap":{"0":{"type":"branch","line":3,"loc":{"start":{"line":3,"column":13},"end":{"line":5,"column":2}},"locations":[{"start":{"line":3,"column":13},"end":{"line":5,"column":2}}]}},"b":{"0":[2]},"fnMap":{"0":{"name":"Home","decl":{"start":{"line":3,"column":13},"end":{"line":5,"column":2}},"loc":{"start":{"line":3,"column":13},"end":{"line":5,"column":2}},"line":3}},"f":{"0":2}}
}
